This file contains any messages produced by compilers while
running configure, to aid debugging if configure makes a mistake.

It was created by configure, which was
generated by GNU Autoconf 2.59.  Invocation command line was

  $ ./configure 

## --------- ##
## Platform. ##
## --------- ##

hostname = localhost
uname -m = i686
uname -r = 2.4.22-10mdksmp
uname -s = Linux
uname -v = #1 SMP Thu Sep 18 11:17:07 CEST 2003

/usr/bin/uname -p = unknown
/bin/uname -X     = unknown

/bin/arch              = i686
/usr/bin/arch -k       = unknown
/usr/convex/getsysinfo = unknown
hostinfo               = unknown
/bin/machine           = unknown
/usr/bin/oslevel       = unknown
/bin/universe          = unknown

PATH: /sbin
PATH: /usr/sbin
PATH: /bin
PATH: /usr/bin
PATH: /usr/X11R6/bin
PATH: /usr/local/bin
PATH: /usr/local/sbin
PATH: /home/dante/bin


## ----------- ##
## Core tests. ##
## ----------- ##

configure:1344: checking for a BSD-compatible install
configure:1399: result: /usr/bin/install -c
configure:1410: checking whether build environment is sane
configure:1453: result: yes
configure:1477: WARNING: `missing' script is too old or missing
configure:1510: checking for gawk
configure:1526: found /bin/gawk
configure:1536: result: gawk
configure:1546: checking whether make sets $(MAKE)
configure:1566: result: yes
configure:1786: checking for gcc
configure:1802: found /usr/bin/gcc
configure:1812: result: gcc
configure:2056: checking for C compiler version
configure:2059: gcc --version </dev/null >&5
gcc (GCC) 3.3.1 (Mandrake Linux 9.2 3.3.1-2mdk)
Copyright (C) 2003 Free Software Foundation, Inc.
This is free software; see the source for copying conditions.  There is NO
warranty; not even for MERCHANTABILITY or FITNESS FOR A PARTICULAR PURPOSE.

configure:2062: $? = 0
configure:2064: gcc -v </dev/null >&5
Reading specs from /usr/lib/gcc-lib/i586-mandrake-linux-gnu/3.3.1/specs
Configured with: ../configure --prefix=/usr --libdir=/usr/lib --with-slibdir=/lib --mandir=/usr/share/man --infodir=/usr/share/info --enable-shared --enable-threads=posix --disable-checking --enable-long-long --enable-__cxa_atexit --enable-languages=c,c++,ada,f77,objc,java,pascal --host=i586-mandrake-linux-gnu --with-system-zlib
Thread model: posix
gcc version 3.3.1 (Mandrake Linux 9.2 3.3.1-2mdk)
configure:2067: $? = 0
configure:2069: gcc -V </dev/null >&5
gcc: `-V' option must have argument
configure:2072: $? = 1
configure:2095: checking for C compiler default output file name
configure:2098: gcc    conftest.c  >&5
configure:2101: $? = 0
configure:2147: result: a.out
configure:2152: checking whether the C compiler works
configure:2158: ./a.out
configure:2161: $? = 0
configure:2178: result: yes
configure:2185: checking whether we are cross compiling
configure:2187: result: no
configure:2190: checking for suffix of executables
configure:2192: gcc -o conftest    conftest.c  >&5
configure:2195: $? = 0
configure:2220: result: 
configure:2226: checking for suffix of object files
configure:2247: gcc -c   conftest.c >&5
configure:2250: $? = 0
configure:2272: result: o
configure:2276: checking whether we are using the GNU C compiler
configure:2300: gcc -c   conftest.c >&5
configure:2306: $? = 0
configure:2310: test -z 
			 || test ! -s conftest.err
configure:2313: $? = 0
configure:2316: test -s conftest.o
configure:2319: $? = 0
configure:2332: result: yes
configure:2338: checking whether gcc accepts -g
configure:2359: gcc -c -g  conftest.c >&5
configure:2365: $? = 0
configure:2369: test -z 
			 || test ! -s conftest.err
configure:2372: $? = 0
configure:2375: test -s conftest.o
configure:2378: $? = 0
configure:2389: result: yes
configure:2406: checking for gcc option to accept ANSI C
configure:2476: gcc  -c -g -O2  conftest.c >&5
configure:2482: $? = 0
configure:2486: test -z 
			 || test ! -s conftest.err
configure:2489: $? = 0
configure:2492: test -s conftest.o
configure:2495: $? = 0
configure:2513: result: none needed
configure:2531: gcc -c -g -O2  conftest.c >&5
conftest.c:2: error: syntax error before "me"
configure:2537: $? = 1
configure: failed program was:
| #ifndef __cplusplus
|   choke me
| #endif
configure:2681: checking for style of include used by make
configure:2709: result: GNU
configure:2737: checking dependency style of gcc
configure:2822: result: none
configure:2852: checking for a BSD-compatible install
configure:2907: result: /usr/bin/install -c
configure:2959: checking for ranlib
configure:2975: found /usr/bin/ranlib
configure:2986: result: ranlib
configure:3005: checking how to run the C preprocessor
configure:3040: gcc -E  conftest.c
configure:3046: $? = 0
configure:3078: gcc -E  conftest.c
conftest.c:11:28: ac_nonexistent.h: No such file or directory
configure:3084: $? = 1
configure: failed program was:
| /* confdefs.h.  */
| 
| #define PACKAGE_NAME ""
| #define PACKAGE_TARNAME ""
| #define PACKAGE_VERSION ""
| #define PACKAGE_STRING ""
| #define PACKAGE_BUGREPORT ""
| #define PACKAGE "bridge-utils"
| #define VERSION "1.0.4"
| /* end confdefs.h.  */
| #include <ac_nonexistent.h>
configure:3123: result: gcc -E
configure:3147: gcc -E  conftest.c
configure:3153: $? = 0
configure:3185: gcc -E  conftest.c
conftest.c:11:28: ac_nonexistent.h: No such file or directory
configure:3191: $? = 1
configure: failed program was:
| /* confdefs.h.  */
| 
| #define PACKAGE_NAME ""
| #define PACKAGE_TARNAME ""
| #define PACKAGE_VERSION ""
| #define PACKAGE_STRING ""
| #define PACKAGE_BUGREPORT ""
| #define PACKAGE "bridge-utils"
| #define VERSION "1.0.4"
| /* end confdefs.h.  */
| #include <ac_nonexistent.h>
configure:3235: checking for egrep
configure:3245: result: grep -E
configure:3250: checking for ANSI C header files
configure:3275: gcc -c -g -O2  conftest.c >&5
configure:3281: $? = 0
configure:3285: test -z 
			 || test ! -s conftest.err
configure:3288: $? = 0
configure:3291: test -s conftest.o
configure:3294: $? = 0
configure:3380: gcc -o conftest -g -O2   conftest.c  >&5
configure:3383: $? = 0
configure:3385: ./conftest
configure:3388: $? = 0
configure:3403: result: yes
configure:3427: checking for sys/types.h
configure:3443: gcc -c -g -O2  conftest.c >&5
configure:3449: $? = 0
configure:3453: test -z 
			 || test ! -s conftest.err
configure:3456: $? = 0
configure:3459: test -s conftest.o
configure:3462: $? = 0
configure:3473: result: yes
configure:3427: checking for sys/stat.h
configure:3443: gcc -c -g -O2  conftest.c >&5
configure:3449: $? = 0
configure:3453: test -z 
			 || test ! -s conftest.err
configure:3456: $? = 0
configure:3459: test -s conftest.o
configure:3462: $? = 0
configure:3473: result: yes
configure:3427: checking for stdlib.h
configure:3443: gcc -c -g -O2  conftest.c >&5
configure:3449: $? = 0
configure:3453: test -z 
			 || test ! -s conftest.err
configure:3456: $? = 0
configure:3459: test -s conftest.o
configure:3462: $? = 0
configure:3473: result: yes
configure:3427: checking for string.h
configure:3443: gcc -c -g -O2  conftest.c >&5
configure:3449: $? = 0
configure:3453: test -z 
			 || test ! -s conftest.err
configure:3456: $? = 0
configure:3459: test -s conftest.o
configure:3462: $? = 0
configure:3473: result: yes
configure:3427: checking for memory.h
configure:3443: gcc -c -g -O2  conftest.c >&5
configure:3449: $? = 0
configure:3453: test -z 
			 || test ! -s conftest.err
configure:3456: $? = 0
configure:3459: test -s conftest.o
configure:3462: $? = 0
configure:3473: result: yes
configure:3427: checking for strings.h
configure:3443: gcc -c -g -O2  conftest.c >&5
configure:3449: $? = 0
configure:3453: test -z 
			 || test ! -s conftest.err
configure:3456: $? = 0
configure:3459: test -s conftest.o
configure:3462: $? = 0
configure:3473: result: yes
configure:3427: checking for inttypes.h
configure:3443: gcc -c -g -O2  conftest.c >&5
configure:3449: $? = 0
configure:3453: test -z 
			 || test ! -s conftest.err
configure:3456: $? = 0
configure:3459: test -s conftest.o
configure:3462: $? = 0
configure:3473: result: yes
configure:3427: checking for stdint.h
configure:3443: gcc -c -g -O2  conftest.c >&5
configure:3449: $? = 0
configure:3453: test -z 
			 || test ! -s conftest.err
configure:3456: $? = 0
configure:3459: test -s conftest.o
configure:3462: $? = 0
configure:3473: result: yes
configure:3427: checking for unistd.h
configure:3443: gcc -c -g -O2  conftest.c >&5
configure:3449: $? = 0
configure:3453: test -z 
			 || test ! -s conftest.err
configure:3456: $? = 0
configure:3459: test -s conftest.o
configure:3462: $? = 0
configure:3473: result: yes
configure:3500: checking sys/ioctl.h usability
configure:3512: gcc -c -g -O2  conftest.c >&5
configure:3518: $? = 0
configure:3522: test -z 
			 || test ! -s conftest.err
configure:3525: $? = 0
configure:3528: test -s conftest.o
configure:3531: $? = 0
configure:3541: result: yes
configure:3545: checking sys/ioctl.h presence
configure:3555: gcc -E  conftest.c
configure:3561: $? = 0
configure:3581: result: yes
configure:3616: checking for sys/ioctl.h
configure:3623: result: yes
configure:3500: checking sys/time.h usability
configure:3512: gcc -c -g -O2  conftest.c >&5
configure:3518: $? = 0
configure:3522: test -z 
			 || test ! -s conftest.err
configure:3525: $? = 0
configure:3528: test -s conftest.o
configure:3531: $? = 0
configure:3541: result: yes
configure:3545: checking sys/time.h presence
configure:3555: gcc -E  conftest.c
configure:3561: $? = 0
configure:3581: result: yes
configure:3616: checking for sys/time.h
configure:3623: result: yes
configure:3637: checking for an ANSI C-conforming const
configure:3704: gcc -c -g -O2  conftest.c >&5
configure:3710: $? = 0
configure:3714: test -z 
			 || test ! -s conftest.err
configure:3717: $? = 0
configure:3720: test -s conftest.o
configure:3723: $? = 0
configure:3734: result: yes
configure:3744: checking whether time.h and sys/time.h may both be included
configure:3769: gcc -c -g -O2  conftest.c >&5
configure:3775: $? = 0
configure:3779: test -z 
			 || test ! -s conftest.err
configure:3782: $? = 0
configure:3785: test -s conftest.o
configure:3788: $? = 0
configure:3799: result: yes
configure:3811: checking whether gcc needs -traditional
configure:3853: result: no
configure:3860: checking for working memcmp
configure:3908: gcc -o conftest -g -O2   conftest.c  >&5
configure:3911: $? = 0
configure:3913: ./conftest
configure:3916: $? = 0
configure:3930: result: yes
configure:3948: checking for gethostname
configure:4005: gcc -o conftest -g -O2   conftest.c  >&5
configure:4011: $? = 0
configure:4015: test -z 
			 || test ! -s conftest.err
configure:4018: $? = 0
configure:4021: test -s conftest
configure:4024: $? = 0
configure:4036: result: yes
configure:3948: checking for socket
configure:4005: gcc -o conftest -g -O2   conftest.c  >&5
configure:4011: $? = 0
configure:4015: test -z 
			 || test ! -s conftest.err
configure:4018: $? = 0
configure:4021: test -s conftest
configure:4024: $? = 0
configure:4036: result: yes
configure:3948: checking for strdup
configure:4005: gcc -o conftest -g -O2   conftest.c  >&5
configure:4011: $? = 0
configure:4015: test -z 
			 || test ! -s conftest.err
configure:4018: $? = 0
configure:4021: test -s conftest
configure:4024: $? = 0
configure:4036: result: yes
configure:3948: checking for uname
configure:4005: gcc -o conftest -g -O2   conftest.c  >&5
configure:4011: $? = 0
configure:4015: test -z 
			 || test ! -s conftest.err
configure:4018: $? = 0
configure:4021: test -s conftest
configure:4024: $? = 0
configure:4036: result: yes
configure:4051: checking for if_nametoindex
configure:4108: gcc -o conftest -g -O2   conftest.c  >&5
configure:4114: $? = 0
configure:4118: test -z 
			 || test ! -s conftest.err
configure:4121: $? = 0
configure:4124: test -s conftest
configure:4127: $? = 0
configure:4139: result: yes
configure:4051: checking for if_indextoname
configure:4108: gcc -o conftest -g -O2   conftest.c  >&5
configure:4114: $? = 0
configure:4118: test -z 
			 || test ! -s conftest.err
configure:4121: $? = 0
configure:4124: test -s conftest
configure:4127: $? = 0
configure:4139: result: yes
configure:4150: checking for sysfs_open_directory in -lsysfs
configure:4180: gcc -o conftest -g -O2   conftest.c -lsysfs   >&5
/usr/bin/ld: cannot find -lsysfs
collect2: ld returned 1 exit status
configure:4186: $? = 1
configure: failed program was:
| /* confdefs.h.  */
| 
| #define PACKAGE_NAME ""
| #define PACKAGE_TARNAME ""
| #define PACKAGE_VERSION ""
| #define PACKAGE_STRING ""
| #define PACKAGE_BUGREPORT ""
| #define PACKAGE "bridge-utils"
| #define VERSION "1.0.4"
| #define STDC_HEADERS 1
| #define HAVE_SYS_TYPES_H 1
| #define HAVE_SYS_STAT_H 1
| #define HAVE_STDLIB_H 1
| #define HAVE_STRING_H 1
| #define HAVE_MEMORY_H 1
| #define HAVE_STRINGS_H 1
| #define HAVE_INTTYPES_H 1
| #define HAVE_STDINT_H 1
| #define HAVE_UNISTD_H 1
| #define HAVE_SYS_IOCTL_H 1
| #define HAVE_SYS_TIME_H 1
| #define TIME_WITH_SYS_TIME 1
| #define HAVE_GETHOSTNAME 1
| #define HAVE_SOCKET 1
| #define HAVE_STRDUP 1
| #define HAVE_UNAME 1
| #define HAVE_IF_NAMETOINDEX 1
| #define HAVE_IF_INDEXTONAME 1
| /* end confdefs.h.  */
| 
| /* Override any gcc2 internal prototype to avoid an error.  */
| #ifdef __cplusplus
| extern "C"
| #endif
| /* We use char because int might match the return type of a gcc2
|    builtin and then its argument prototype would still apply.  */
| char sysfs_open_directory ();
| int
| main ()
| {
| sysfs_open_directory ();
|   ;
|   return 0;
| }
configure:4212: result: no
configure:4336: creating ./config.status

## ---------------------- ##
## Running config.status. ##
## ---------------------- ##

This file was extended by config.status, which was
generated by GNU Autoconf 2.59.  Invocation command line was

  CONFIG_FILES    = 
  CONFIG_HEADERS  = 
  CONFIG_LINKS    = 
  CONFIG_COMMANDS = 
  $ ./config.status 

on localhost

config.status:694: creating doc/Makefile
config.status:694: creating libbridge/Makefile
config.status:694: creating brctl/Makefile
config.status:694: creating Makefile
config.status:694: creating bridge-utils.spec
config.status:798: creating libbridge/config.h
config.status:1102: executing depfiles commands

## ---------------- ##
## Cache variables. ##
## ---------------- ##

ac_cv_c_compiler_gnu=yes
ac_cv_c_const=yes
ac_cv_env_CC_set=
ac_cv_env_CC_value=
ac_cv_env_CFLAGS_set=
ac_cv_env_CFLAGS_value=
ac_cv_env_CPPFLAGS_set=
ac_cv_env_CPPFLAGS_value=
ac_cv_env_CPP_set=
ac_cv_env_CPP_value=
ac_cv_env_LDFLAGS_set=
ac_cv_env_LDFLAGS_value=
ac_cv_env_build_alias_set=
ac_cv_env_build_alias_value=
ac_cv_env_host_alias_set=
ac_cv_env_host_alias_value=
ac_cv_env_target_alias_set=
ac_cv_env_target_alias_value=
ac_cv_exeext=
ac_cv_func_gethostname=yes
ac_cv_func_if_indextoname=yes
ac_cv_func_if_nametoindex=yes
ac_cv_func_memcmp_working=yes
ac_cv_func_socket=yes
ac_cv_func_strdup=yes
ac_cv_func_uname=yes
ac_cv_header_inttypes_h=yes
ac_cv_header_memory_h=yes
ac_cv_header_stdc=yes
ac_cv_header_stdint_h=yes
ac_cv_header_stdlib_h=yes
ac_cv_header_string_h=yes
ac_cv_header_strings_h=yes
ac_cv_header_sys_ioctl_h=yes
ac_cv_header_sys_stat_h=yes
ac_cv_header_sys_time_h=yes
ac_cv_header_sys_types_h=yes
ac_cv_header_time=yes
ac_cv_header_unistd_h=yes
ac_cv_lib_sysfs_sysfs_open_directory=no
ac_cv_objext=o
ac_cv_path_install='/usr/bin/install -c'
ac_cv_prog_AWK=gawk
ac_cv_prog_CPP='gcc -E'
ac_cv_prog_ac_ct_CC=gcc
ac_cv_prog_ac_ct_RANLIB=ranlib
ac_cv_prog_cc_g=yes
ac_cv_prog_cc_stdc=
ac_cv_prog_egrep='grep -E'
ac_cv_prog_gcc_traditional=no
ac_cv_prog_make_make_set=yes
am_cv_CC_dependencies_compiler_type=none

## ----------------- ##
## Output variables. ##
## ----------------- ##

ACLOCAL='aclocal-1.8'
AMDEPBACKSLASH='\'
AMDEP_FALSE='#'
AMDEP_TRUE=''
AMTAR='tar'
AUTOCONF='autoconf'
AUTOHEADER='autoheader'
AUTOMAKE='automake-1.8'
AWK='gawk'
CC='gcc'
CCDEPMODE='depmode=none'
CFLAGS='-g -O2'
CPP='gcc -E'
CPPFLAGS=''
CYGPATH_W='echo'
DEFS='-DHAVE_CONFIG_H'
DEPDIR='.deps'
ECHO_C=''
ECHO_N='-n'
ECHO_T=''
EGREP='grep -E'
EXEEXT=''
INSTALL_DATA='${INSTALL} -m 644'
INSTALL_PROGRAM='${INSTALL}'
INSTALL_SCRIPT='${INSTALL}'
INSTALL_STRIP_PROGRAM='${SHELL} $(install_sh) -c -s'
KERNEL_HEADERS='/usr/src/linux/include'
LDFLAGS=''
LIBOBJS=''
LIBS=''
LTLIBOBJS=''
MAKEINFO='makeinfo'
OBJEXT='o'
PACKAGE='bridge-utils'
PACKAGE_BUGREPORT=''
PACKAGE_NAME=''
PACKAGE_STRING=''
PACKAGE_TARNAME=''
PACKAGE_VERSION=''
PATH_SEPARATOR=':'
RANLIB='ranlib'
SET_MAKE=''
SHELL='/bin/sh'
STRIP=''
VERSION='1.0.4'
ac_ct_CC='gcc'
ac_ct_RANLIB='ranlib'
ac_ct_STRIP=''
am__fastdepCC_FALSE=''
am__fastdepCC_TRUE='#'
am__include='include'
am__leading_dot='.'
am__quote=''
bindir='${exec_prefix}/bin'
build_alias=''
datadir='${prefix}/share'
exec_prefix='${prefix}'
host_alias=''
includedir='${prefix}/include'
infodir='${prefix}/info'
install_sh='/share/RDC/user/bridge-utils/install-sh'
libdir='${exec_prefix}/lib'
libexecdir='${exec_prefix}/libexec'
localstatedir='${prefix}/var'
mandir='${prefix}/man'
mkdir_p='mkdir -p -- .'
oldincludedir='/usr/include'
prefix='/usr/local'
program_transform_name='s,x,x,'
sbindir='${exec_prefix}/sbin'
sharedstatedir='${prefix}/com'
sysconfdir='${prefix}/etc'
target_alias=''

## ----------- ##
## confdefs.h. ##
## ----------- ##

#define HAVE_GETHOSTNAME 1
#define HAVE_IF_INDEXTONAME 1
#define HAVE_IF_NAMETOINDEX 1
#define HAVE_INTTYPES_H 1
#define HAVE_MEMORY_H 1
#define HAVE_SOCKET 1
#define HAVE_STDINT_H 1
#define HAVE_STDLIB_H 1
#define HAVE_STRDUP 1
#define HAVE_STRINGS_H 1
#define HAVE_STRING_H 1
#define HAVE_SYS_IOCTL_H 1
#define HAVE_SYS_STAT_H 1
#define HAVE_SYS_TIME_H 1
#define HAVE_SYS_TYPES_H 1
#define HAVE_UNAME 1
#define HAVE_UNISTD_H 1
#define PACKAGE "bridge-utils"
#define PACKAGE_BUGREPORT ""
#define PACKAGE_NAME ""
#define PACKAGE_STRING ""
#define PACKAGE_TARNAME ""
#define PACKAGE_VERSION ""
#define STDC_HEADERS 1
#define TIME_WITH_SYS_TIME 1
#define VERSION "1.0.4"

configure: exit 0
